<?xml version="1.0" encoding="UTF-8"?>
<testsuite name="ComputerRepairRequestTest" tests="2" skipped="0" failures="0" errors="0" timestamp="2022-03-01T08:36:15" hostname="DESKTOP-TQEKTP3" time="0.041">
  <properties/>
  <testcase name="First Test" classname="ComputerRepairRequestTest" time="0.037"/>
  <testcase name="Test Exemplu" classname="ComputerRepairRequestTest" time="0.002"/>
  <system-out><![CDATA[]]></system-out>
  <system-err><![CDATA[]]></system-err>
</testsuite>
